app/build/intermediates/manifest_merge_blame_file/debug/manifest-merger-blame-debug-report.txt
1<?xml version="1.0" encoding="utf-8"?>
2<manifest xmlns:android="http://schemas.android.com/apk/res/android"
3    package="sms_backup.poliveira.org.smsbackup"
4    android:versionCode="1"
5    android:versionName="1.0" >
6
7    <uses-sdk
8        android:minSdkVersion="28"
8-->src/main/AndroidManifest.xml
9        android:targetSdkVersion="33" />
9-->src/main/AndroidManifest.xml
10
11    <uses-feature
11-->src/main/AndroidManifest.xml:5:3-7:33
12        android:name="android.hardware.telephony"
12-->src/main/AndroidManifest.xml:6:7-48
13        android:required="true" />
13-->src/main/AndroidManifest.xml:7:7-30
14
15    <uses-permission android:name="android.permission.READ_SMS" />
15-->src/main/AndroidManifest.xml:9:3-64
15-->src/main/AndroidManifest.xml:9:20-62
16    <uses-permission android:name="android.permission.WRITE_EXTERNAL_STORAGE" />
16-->src/main/AndroidManifest.xml:10:3-78
16-->src/main/AndroidManifest.xml:10:20-76
17    <uses-permission android:name="android.permission.READ_EXTERNAL_STORAGE" />
17-->src/main/AndroidManifest.xml:11:3-77
17-->src/main/AndroidManifest.xml:11:20-75
18
19    <application
19-->src/main/AndroidManifest.xml:13:3-32:17
20        android:allowBackup="true"
20-->src/main/AndroidManifest.xml:14:5-31
21        android:appComponentFactory="androidx.core.app.CoreComponentFactory"
21-->[androidx.core:core:1.0.0] AndroidManifest.xml:22:18-86
22        android:debuggable="true"
23        android:extractNativeLibs="false"
24        android:icon="@mipmap/ic_launcher"
24-->src/main/AndroidManifest.xml:15:5-39
25        android:label="@string/app_name"
25-->src/main/AndroidManifest.xml:16:5-37
26        android:requestLegacyExternalStorage="true"
26-->src/main/AndroidManifest.xml:21:7-50
27        android:roundIcon="@mipmap/ic_launcher_round"
27-->src/main/AndroidManifest.xml:17:5-50
28        android:supportsRtl="true"
28-->src/main/AndroidManifest.xml:18:5-31
29        android:theme="@style/AppTheme" >
29-->src/main/AndroidManifest.xml:20:5-36
30        <activity
30-->src/main/AndroidManifest.xml:24:5-31:16
31            android:name="sms_backup.poliveira.org.smsbackup.MainActivity"
31-->src/main/AndroidManifest.xml:24:15-43
32            android:exported="true" >
32-->src/main/AndroidManifest.xml:25:9-32
33            <intent-filter>
33-->src/main/AndroidManifest.xml:26:7-30:23
34                <action android:name="android.intent.action.MAIN" />
34-->src/main/AndroidManifest.xml:27:9-60
34-->src/main/AndroidManifest.xml:27:17-58
35
36                <category android:name="android.intent.category.LAUNCHER" />
36-->src/main/AndroidManifest.xml:29:9-68
36-->src/main/AndroidManifest.xml:29:19-66
37            </intent-filter>
38        </activity>
39    </application>
40
41</manifest>